This is LuaHBTeX, Version 1.17.1 (MiKTeX 24.1) (format=lualatex 2024.9.6)  18 APR 2025 09:35
 restricted system commands enabled.
**"c:/Users/Simone Pagliuca/Documents/GitHub/INRE/Report/main"
("c:/Users/Simone Pagliuca/Documents/GitHub/INRE/Report/main.tex"
LaTeX2e <2023-11-01> patch level 1
L3 programming layer <2024-01-04>
Lua module: luaotfload 2023-08-31 3.26 Lua based OpenType font support
Lua module: lualibs 2023-07-13 2.76 ConTeXt Lua standard libraries.
Lua module: lualibs-extended 2023-07-13 2.76 ConTeXt Lua libraries -- extended c
ollection.
luaotfload | conf : Root cache directory is "C:/Users/Simone Pagliuca/AppData/Lo
cal/MiKTeX/luatex-cache/generic/names".
luaotfload | init : Loading fontloader "fontloader-2023-08-19.lua" from kpse-res
olved path "C:/Users/Simone Pagliuca/AppData/Local/Programs/MiKTeX/tex/luatex/lu
aotfload/fontloader-2023-08-19.lua".
Lua-only attribute luaotfload@noligature = 1
luaotfload | init : Context OpenType loader version 3.133
Inserting `luaotfload.node_processor' in `pre_linebreak_filter'.
Inserting `luaotfload.node_processor' in `hpack_filter'.
Inserting `luaotfload.glyph_stream' in `glyph_stream_provider'.
Inserting `luaotfload.define_font' in `define_font'.
Lua-only attribute luaotfload_color_attribute = 2
luaotfload | conf : Root cache directory is "C:/Users/Simone Pagliuca/AppData/Lo
cal/MiKTeX/luatex-cache/generic/names".
Inserting `luaotfload.harf.strip_prefix' in `find_opentype_file'.
Inserting `luaotfload.harf.strip_prefix' in `find_truetype_file'.
Removing  `luaotfload.glyph_stream' from `glyph_stream_provider'.
Inserting `luaotfload.harf.glyphstream' in `glyph_stream_provider'.
Inserting `luaotfload.harf.finalize_vlist' in `post_linebreak_filter'.
Inserting `luaotfload.harf.finalize_hlist' in `hpack_filter'.
Inserting `luaotfload.cleanup_files' in `wrapup_run'.
Inserting `luaotfload.harf.finalize_unicode' in `finish_pdffile'.
Inserting `luaotfload.glyphinfo' in `glyph_info'.
Lua-only attribute luaotfload.letterspace_done = 3
Inserting `luaotfload.aux.set_sscale_dimens' in `luaotfload.patch_font'.
Inserting `luaotfload.aux.set_font_index' in `luaotfload.patch_font'.
Inserting `luaotfload.aux.patch_cambria_domh' in `luaotfload.patch_font'.
Inserting `luaotfload.aux.fixup_fontdata' in `luaotfload.patch_font_unsafe'.
Inserting `luaotfload.aux.set_capheight' in `luaotfload.patch_font'.
Inserting `luaotfload.aux.set_xheight' in `luaotfload.patch_font'.
Inserting `luaotfload.rewrite_fontname' in `luaotfload.patch_font'.
Inserting `tracingstacklevels' in `input_level_string'.
("C:/Users/Simone Pagliuca/AppData/Local/Programs/MiKTeX/tex/latex/base/article
.cls"
Document Class: article 2023/05/17 v1.4n Standard LaTeX document class

("C:/Users/Simone Pagliuca/AppData/Local/Programs/MiKTeX/tex/latex/base/size11.
clo"
File: size11.clo 2023/05/17 v1.4n Standard LaTeX file (size option)
luaotfload | db : Font names database loaded from C:/Users/Simone Pagliuca/AppDa
ta/Local/MiKTeX/luatex-cache/generic/names/luaotfload-names.luc.gz)
\c@part=\count185
\c@section=\count186
\c@subsection=\count187
\c@subsubsection=\count188
\c@paragraph=\count189
\c@subparagraph=\count190
\c@figure=\count191
\c@table=\count192
\abovecaptionskip=\skip48
\belowcaptionskip=\skip49
\bibindent=\dimen139
)
("C:/Users/Simone Pagliuca/AppData/Local/Programs/MiKTeX/tex/latex/amsmath/amsm
ath.sty"
Package: amsmath 2023/05/13 v2.17o AMS math features
\@mathmargin=\skip50

For additional information on amsmath, use the `?' option.

("C:/Users/Simone Pagliuca/AppData/Local/Programs/MiKTeX/tex/latex/amsmath/amst
ext.sty"
Package: amstext 2021/08/26 v2.01 AMS text

("C:/Users/Simone Pagliuca/AppData/Local/Programs/MiKTeX/tex/latex/amsmath/amsg
en.sty"
File: amsgen.sty 1999/11/30 v2.0 generic functions
\@emptytoks=\toks17
\ex@=\dimen140
))
("C:/Users/Simone Pagliuca/AppData/Local/Programs/MiKTeX/tex/latex/amsmath/amsb
sy.sty"
Package: amsbsy 1999/11/29 v1.2d Bold Symbols
\pmbraise@=\dimen141
)
("C:/Users/Simone Pagliuca/AppData/Local/Programs/MiKTeX/tex/latex/amsmath/amso
pn.sty"
Package: amsopn 2022/04/08 v2.04 operator names
)
\inf@bad=\count193
LaTeX Info: Redefining \frac on input line 236.
\uproot@=\count194
\leftroot@=\count195
LaTeX Info: Redefining \overline on input line 399.
LaTeX Info: Redefining \colon on input line 410.
\classnum@=\count196
\DOTSCASE@=\count197
LaTeX Info: Redefining \ldots on input line 496.
LaTeX Info: Redefining \dots on input line 499.
LaTeX Info: Redefining \cdots on input line 620.
\Mathstrutbox@=\box51
\strutbox@=\box52
LaTeX Info: Redefining \big on input line 722.
LaTeX Info: Redefining \Big on input line 723.
LaTeX Info: Redefining \bigg on input line 724.
LaTeX Info: Redefining \Bigg on input line 725.
\big@size=\dimen142
LaTeX Font Info:    Redeclaring font encoding OML on input line 743.
LaTeX Font Info:    Redeclaring font encoding OMS on input line 744.
\macc@depth=\count198
LaTeX Info: Redefining \bmod on input line 905.
LaTeX Info: Redefining \pmod on input line 910.
LaTeX Info: Redefining \smash on input line 940.
LaTeX Info: Redefining \relbar on input line 970.
LaTeX Info: Redefining \Relbar on input line 971.
\c@MaxMatrixCols=\count199
\dotsspace@=\muskip16
\c@parentequation=\count266
\dspbrk@lvl=\count267
\tag@help=\toks18
\row@=\count268
\column@=\count269
\maxfields@=\count270
\andhelp@=\toks19
\eqnshift@=\dimen143
\alignsep@=\dimen144
\tagshift@=\dimen145
\tagwidth@=\dimen146
\totwidth@=\dimen147
\lineht@=\dimen148
\@envbody=\toks20
\multlinegap=\skip51
\multlinetaggap=\skip52
\mathdisplay@stack=\toks21
LaTeX Info: Redefining \[ on input line 2953.
LaTeX Info: Redefining \] on input line 2954.
)
("C:/Users/Simone Pagliuca/AppData/Local/Programs/MiKTeX/tex/latex/amsfonts/ams
symb.sty"
Package: amssymb 2013/01/14 v3.01 AMS font symbols

("C:/Users/Simone Pagliuca/AppData/Local/Programs/MiKTeX/tex/latex/amsfonts/ams
fonts.sty"
Package: amsfonts 2013/01/14 v3.01 Basic AMSFonts support
\symAMSa=\mathgroup4
\symAMSb=\mathgroup5
LaTeX Font Info:    Redeclaring math symbol \hbar on input line 98.
LaTeX Font Info:    Overwriting math alphabet `\mathfrak' in version `bold'
(Font)                  U/euf/m/n --> U/euf/b/n on input line 106.
))
("C:/Users/Simone Pagliuca/AppData/Local/Programs/MiKTeX/tex/latex/graphics/gra
phicx.sty"
Package: graphicx 2021/09/16 v1.2d Enhanced LaTeX Graphics (DPC,SPQR)

("C:/Users/Simone Pagliuca/AppData/Local/Programs/MiKTeX/tex/latex/graphics/key
val.sty"
Package: keyval 2022/05/29 v1.15 key=value parser (DPC)
\KV@toks@=\toks22
)
("C:/Users/Simone Pagliuca/AppData/Local/Programs/MiKTeX/tex/latex/graphics/gra
phics.sty"
Package: graphics 2022/03/10 v1.4e Standard LaTeX Graphics (DPC,SPQR)

("C:/Users/Simone Pagliuca/AppData/Local/Programs/MiKTeX/tex/latex/graphics/tri
g.sty"
Package: trig 2021/08/11 v1.11 sin cos tan (DPC)
)
("C:/Users/Simone Pagliuca/AppData/Local/Programs/MiKTeX/tex/latex/graphics-cfg
/graphics.cfg"
File: graphics.cfg 2016/06/04 v1.11 sample graphics configuration
)
Package graphics Info: Driver file: luatex.def on input line 107.

("C:/Users/Simone Pagliuca/AppData/Local/Programs/MiKTeX/tex/latex/graphics-def
/luatex.def"
File: luatex.def 2022/09/22 v1.2d Graphics/color driver for luatex
))
\Gin@req@height=\dimen149
\Gin@req@width=\dimen150
)
("C:/Users/Simone Pagliuca/AppData/Local/Programs/MiKTeX/tex/latex/xcolor/xcolo
r.sty"
Package: xcolor 2023/11/15 v3.01 LaTeX color extensions (UK)

("C:/Users/Simone Pagliuca/AppData/Local/Programs/MiKTeX/tex/latex/graphics-cfg
/color.cfg"
File: color.cfg 2016/01/02 v1.6 sample color configuration
)
Package xcolor Info: Driver file: luatex.def on input line 274.

("C:/Users/Simone Pagliuca/AppData/Local/Programs/MiKTeX/tex/latex/graphics/mat
hcolor.ltx")
Package xcolor Info: Model `cmy' substituted by `cmy0' on input line 1350.
Package xcolor Info: Model `hsb' substituted by `rgb' on input line 1354.
Package xcolor Info: Model `RGB' extended on input line 1366.
Package xcolor Info: Model `HTML' substituted by `rgb' on input line 1368.
Package xcolor Info: Model `Hsb' substituted by `hsb' on input line 1369.
Package xcolor Info: Model `tHsb' substituted by `hsb' on input line 1370.
Package xcolor Info: Model `HSB' substituted by `hsb' on input line 1371.
Package xcolor Info: Model `Gray' substituted by `gray' on input line 1372.
Package xcolor Info: Model `wave' substituted by `hsb' on input line 1373.
)
("C:/Users/Simone Pagliuca/AppData/Local/Programs/MiKTeX/tex/latex/geometry/geo
metry.sty"
Package: geometry 2020/01/02 v5.9 Page Geometry

("C:/Users/Simone Pagliuca/AppData/Local/Programs/MiKTeX/tex/generic/iftex/ifvt
ex.sty"
Package: ifvtex 2019/10/25 v1.7 ifvtex legacy package. Use iftex instead.

("C:/Users/Simone Pagliuca/AppData/Local/Programs/MiKTeX/tex/generic/iftex/ifte
x.sty"
Package: iftex 2022/02/03 v1.0f TeX engine tests
))
\Gm@cnth=\count271
\Gm@cntv=\count272
\c@Gm@tempcnt=\count273
\Gm@bindingoffset=\dimen151
\Gm@wd@mp=\dimen152
\Gm@odd@mp=\dimen153
\Gm@even@mp=\dimen154
\Gm@layoutwidth=\dimen155
\Gm@layoutheight=\dimen156
\Gm@layouthoffset=\dimen157
\Gm@layoutvoffset=\dimen158
\Gm@dimlist=\toks23

("C:/Users/Simone Pagliuca/AppData/Local/Programs/MiKTeX/tex/latex/geometry/geo
metry.cfg"))
("C:/Users/Simone Pagliuca/AppData/Local/Programs/MiKTeX/tex/latex/float/float.
sty"
Package: float 2001/11/08 v1.3d Float enhancements (AL)
\c@float@type=\count274
\float@exts=\toks24
\float@box=\box53
\@float@everytoks=\toks25
\@floatcapt=\box54
)
("C:/Users/Simone Pagliuca/AppData/Local/Programs/MiKTeX/tex/latex/wrapfig/wrap
fig.sty"
\wrapoverhang=\dimen159
\WF@size=\dimen160
\c@WF@wrappedlines=\count275
\WF@box=\box55
\WF@everypar=\toks26
Package: wrapfig 2003/01/31  v 3.6
)
("C:/Users/Simone Pagliuca/AppData/Local/Programs/MiKTeX/tex/latex/titlesec/tit
lesec.sty"
Package: titlesec 2023/10/27 v2.16 Sectioning titles
\ttl@box=\box56
\beforetitleunit=\skip53
\aftertitleunit=\skip54
\ttl@plus=\dimen161
\ttl@minus=\dimen162
\ttl@toksa=\toks27
\titlewidth=\dimen163
\titlewidthlast=\dimen164
\titlewidthfirst=\dimen165
)
("C:/Users/Simone Pagliuca/AppData/Local/Programs/MiKTeX/tex/latex/fancyhdr/fan
cyhdr.sty"
Package: fancyhdr 2024/11/20 v4.4 Extensive control of page headers and footers

\f@nch@headwidth=\skip55
\f@nch@O@elh=\skip56
\f@nch@O@erh=\skip57
\f@nch@O@olh=\skip58
\f@nch@O@orh=\skip59
\f@nch@O@elf=\skip60
\f@nch@O@erf=\skip61
\f@nch@O@olf=\skip62
\f@nch@O@orf=\skip63
)
("C:/Users/Simone Pagliuca/AppData/Local/Programs/MiKTeX/tex/latex/caption/capt
ion.sty"
Package: caption 2023/08/05 v3.6o Customizing captions (AR)

("C:/Users/Simone Pagliuca/AppData/Local/Programs/MiKTeX/tex/latex/caption/capt
ion3.sty"
Package: caption3 2023/07/31 v2.4d caption3 kernel (AR)
\caption@tempdima=\dimen166
\captionmargin=\dimen167
\caption@leftmargin=\dimen168
\caption@rightmargin=\dimen169
\caption@width=\dimen170
\caption@indent=\dimen171
\caption@parindent=\dimen172
\caption@hangindent=\dimen173
Package caption Info: Standard document class detected.
)
\c@caption@flags=\count276
\c@continuedfloat=\count277
Package caption Info: float package is loaded.
Package caption Info: wrapfig package is loaded.
)
("C:/Users/Simone Pagliuca/AppData/Local/Programs/MiKTeX/tex/latex/caption/subc
aption.sty"
Package: subcaption 2023/07/28 v1.6b Sub-captions (AR)
Package caption Info: New subtype `subfigure' on input line 238.
\c@subfigure=\count278
Package caption Info: New subtype `subtable' on input line 238.
\c@subtable=\count279
)
("C:/Users/Simone Pagliuca/AppData/Local/Programs/MiKTeX/tex/latex/hyperref/hyp
erref.sty"
Package: hyperref 2023-11-26 v7.01g Hypertext links for LaTeX

("C:/Users/Simone Pagliuca/AppData/Local/Programs/MiKTeX/tex/generic/infwarerr/
infwarerr.sty"
Package: infwarerr 2019/12/03 v1.5 Providing info/warning/error messages (HO)
)
("C:/Users/Simone Pagliuca/AppData/Local/Programs/MiKTeX/tex/latex/kvsetkeys/kv
setkeys.sty"
Package: kvsetkeys 2022-10-05 v1.19 Key value parser (HO)
)
("C:/Users/Simone Pagliuca/AppData/Local/Programs/MiKTeX/tex/generic/kvdefineke
ys/kvdefinekeys.sty"
Package: kvdefinekeys 2019-12-19 v1.6 Define keys (HO)
)
("C:/Users/Simone Pagliuca/AppData/Local/Programs/MiKTeX/tex/generic/pdfescape/
pdfescape.sty"
Package: pdfescape 2019/12/09 v1.15 Implements pdfTeX's escape features (HO)

("C:/Users/Simone Pagliuca/AppData/Local/Programs/MiKTeX/tex/generic/ltxcmds/lt
xcmds.sty"
Package: ltxcmds 2023-12-04 v1.26 LaTeX kernel commands for general use (HO)
)
("C:/Users/Simone Pagliuca/AppData/Local/Programs/MiKTeX/tex/generic/pdftexcmds
/pdftexcmds.sty"
Package: pdftexcmds 2020-06-27 v0.33 Utility functions of pdfTeX for LuaTeX (HO
)
Package pdftexcmds Info: \pdf@primitive is available.
Package pdftexcmds Info: \pdf@ifprimitive is available.
Package pdftexcmds Info: \pdfdraftmode found.
\pdftexcmds@toks=\toks28
))
("C:/Users/Simone Pagliuca/AppData/Local/Programs/MiKTeX/tex/latex/hycolor/hyco
lor.sty"
Package: hycolor 2020-01-27 v1.10 Color options for hyperref/bookmark (HO)
)
("C:/Users/Simone Pagliuca/AppData/Local/Programs/MiKTeX/tex/latex/letltxmacro/
letltxmacro.sty"
Package: letltxmacro 2019/12/03 v1.6 Let assignment for LaTeX macros (HO)
)
("C:/Users/Simone Pagliuca/AppData/Local/Programs/MiKTeX/tex/latex/auxhook/auxh
ook.sty"
Package: auxhook 2019-12-17 v1.6 Hooks for auxiliary files (HO)
)
("C:/Users/Simone Pagliuca/AppData/Local/Programs/MiKTeX/tex/latex/hyperref/nam
eref.sty"
Package: nameref 2023-11-26 v2.56 Cross-referencing by name of section

("C:/Users/Simone Pagliuca/AppData/Local/Programs/MiKTeX/tex/latex/refcount/ref
count.sty"
Package: refcount 2019/12/15 v3.6 Data extraction from label references (HO)
)
("C:/Users/Simone Pagliuca/AppData/Local/Programs/MiKTeX/tex/generic/gettitlest
ring/gettitlestring.sty"
Package: gettitlestring 2019/12/15 v1.6 Cleanup title references (HO)

("C:/Users/Simone Pagliuca/AppData/Local/Programs/MiKTeX/tex/latex/kvoptions/kv
options.sty"
Package: kvoptions 2022-06-15 v3.15 Key value format for package options (HO)
))
\c@section@level=\count280
)
("C:/Users/Simone Pagliuca/AppData/Local/Programs/MiKTeX/tex/latex/etoolbox/eto
olbox.sty"
Package: etoolbox 2020/10/05 v2.5k e-TeX tools for LaTeX (JAW)
\etb@tempcnta=\count281
)
\@linkdim=\dimen174
\Hy@linkcounter=\count282
\Hy@pagecounter=\count283

("C:/Users/Simone Pagliuca/AppData/Local/Programs/MiKTeX/tex/latex/hyperref/pd1
enc.def"
File: pd1enc.def 2023-11-26 v7.01g Hyperref: PDFDocEncoding definition (HO)
)
("C:/Users/Simone Pagliuca/AppData/Local/Programs/MiKTeX/tex/generic/intcalc/in
tcalc.sty"
Package: intcalc 2019/12/15 v1.3 Expandable calculations with integers (HO)
)
\Hy@SavedSpaceFactor=\count284

("C:/Users/Simone Pagliuca/AppData/Local/Programs/MiKTeX/tex/latex/hyperref/pue
nc.def"
File: puenc.def 2023-11-26 v7.01g Hyperref: PDF Unicode definition (HO)
)
Package hyperref Info: Hyper figures OFF on input line 4181.
Package hyperref Info: Link nesting OFF on input line 4186.
Package hyperref Info: Hyper index ON on input line 4189.
Package hyperref Info: Plain pages OFF on input line 4196.
Package hyperref Info: Backreferencing OFF on input line 4201.
Package hyperref Info: Implicit mode ON; LaTeX internals redefined.
Package hyperref Info: Bookmarks ON on input line 4448.
\c@Hy@tempcnt=\count285

("C:/Users/Simone Pagliuca/AppData/Local/Programs/MiKTeX/tex/latex/url/url.sty"
\Urlmuskip=\muskip17
Package: url 2013/09/16  ver 3.4  Verb mode for urls, etc.
)
LaTeX Info: Redefining \url on input line 4786.
\XeTeXLinkMargin=\dimen175

("C:/Users/Simone Pagliuca/AppData/Local/Programs/MiKTeX/tex/generic/bitset/bit
set.sty"
Package: bitset 2019/12/09 v1.3 Handle bit-vector datatype (HO)

("C:/Users/Simone Pagliuca/AppData/Local/Programs/MiKTeX/tex/generic/bigintcalc
/bigintcalc.sty"
Package: bigintcalc 2019/12/15 v1.5 Expandable calculations on big integers (HO
)
))
\Fld@menulength=\count286
\Field@Width=\dimen176
\Fld@charsize=\dimen177
Package hyperref Info: Hyper figures OFF on input line 6065.
Package hyperref Info: Link nesting OFF on input line 6070.
Package hyperref Info: Hyper index ON on input line 6073.
Package hyperref Info: backreferencing OFF on input line 6080.
Package hyperref Info: Link coloring OFF on input line 6085.
Package hyperref Info: Link coloring with OCG OFF on input line 6090.
Package hyperref Info: PDF/A mode OFF on input line 6095.

("C:/Users/Simone Pagliuca/AppData/Local/Programs/MiKTeX/tex/latex/base/atbegsh
i-ltx.sty"
Package: atbegshi-ltx 2021/01/10 v1.0c Emulation of the original atbegshi
package with kernel methods
)
\Hy@abspage=\count287
\c@Item=\count288
\c@Hfootnote=\count289
)
Package hyperref Info: Driver (autodetected): hluatex.

("C:/Users/Simone Pagliuca/AppData/Local/Programs/MiKTeX/tex/latex/hyperref/hlu
atex.def"
File: hluatex.def 2023-11-26 v7.01g Hyperref driver for luaTeX

("C:/Users/Simone Pagliuca/AppData/Local/Programs/MiKTeX/tex/generic/stringenc/
stringenc.sty"
Package: stringenc 2019/11/29 v1.12 Convert strings between diff. encodings (HO
)
)
("C:/Users/Simone Pagliuca/AppData/Local/Programs/MiKTeX/tex/latex/base/atverye
nd-ltx.sty"
Package: atveryend-ltx 2020/08/19 v1.0a Emulation of the original atveryend pac
kage
with kernel methods
)
\Fld@listcount=\count290
\c@bookmark@seq@number=\count291

("C:/Users/Simone Pagliuca/AppData/Local/Programs/MiKTeX/tex/latex/rerunfileche
ck/rerunfilecheck.sty"
Package: rerunfilecheck 2022-07-10 v1.10 Rerun checks for auxiliary files (HO)

("C:/Users/Simone Pagliuca/AppData/Local/Programs/MiKTeX/tex/generic/uniquecoun
ter/uniquecounter.sty"
Package: uniquecounter 2019/12/15 v1.4 Provide unlimited unique counter (HO)
)
Package uniquecounter Info: New unique counter `rerunfilecheck' on input line 2
85.
)
\Hy@SectionHShift=\skip64
)
("C:/Users/Simone Pagliuca/AppData/Local/Programs/MiKTeX/tex/latex/fontspec/fon
tspec.sty"
("C:/Users/Simone Pagliuca/AppData/Local/Programs/MiKTeX/tex/latex/l3packages/x
parse/xparse.sty"
("C:/Users/Simone Pagliuca/AppData/Local/Programs/MiKTeX/tex/latex/l3kernel/exp
l3.sty"
Package: expl3 2024-01-04 L3 programming layer (loader) 

("C:/Users/Simone Pagliuca/AppData/Local/Programs/MiKTeX/tex/latex/l3backend/l3
backend-luatex.def"
File: l3backend-luatex.def 2024-01-04 L3 backend support: PDF output (LuaTeX)
\l__color_backend_stack_int=\count292
Inserting `l3color' in `luaotfload.parse_color'.
\l__pdf_internal_box=\box57
))
Package: xparse 2023-10-10 L3 Experimental document command parser
)
Package: fontspec 2022/01/15 v2.8a Font selection for XeLaTeX and LuaLaTeX
Lua module: fontspec 2022/01/15 2.8a Font selection for XeLaTeX and LuaLaTeX
("C:/Users/Simone Pagliuca/AppData/Local/Programs/MiKTeX/tex/latex/fontspec/fon
tspec-luatex.sty"
Package: fontspec-luatex 2022/01/15 v2.8a Font selection for XeLaTeX and LuaLaT
eX
\l__fontspec_script_int=\count293
\l__fontspec_language_int=\count294
\l__fontspec_strnum_int=\count295
\l__fontspec_tmp_int=\count296
\l__fontspec_tmpa_int=\count297
\l__fontspec_tmpb_int=\count298
\l__fontspec_tmpc_int=\count299
\l__fontspec_em_int=\count300
\l__fontspec_emdef_int=\count301
\l__fontspec_strong_int=\count302
\l__fontspec_strongdef_int=\count303
\l__fontspec_tmpa_dim=\dimen178
\l__fontspec_tmpb_dim=\dimen179
\l__fontspec_tmpc_dim=\dimen180

("C:/Users/Simone Pagliuca/AppData/Local/Programs/MiKTeX/tex/latex/base/fontenc
.sty"
Package: fontenc 2021/04/29 v2.0v Standard LaTeX package
)
("C:/Users/Simone Pagliuca/AppData/Local/Programs/MiKTeX/tex/latex/fontspec/fon
tspec.cfg")))
("C:/Users/Simone Pagliuca/AppData/Local/Programs/MiKTeX/tex/latex/nomencl/nome
ncl.sty"
Package: nomencl 2021/11/10 v5.6 Nomenclature package

("C:/Users/Simone Pagliuca/AppData/Local/Programs/MiKTeX/tex/latex/xkeyval/xkey
val.sty"
Package: xkeyval 2022/06/16 v2.9 package option processing (HA)

("C:/Users/Simone Pagliuca/AppData/Local/Programs/MiKTeX/tex/generic/xkeyval/xk
eyval.tex"
("C:/Users/Simone Pagliuca/AppData/Local/Programs/MiKTeX/tex/generic/xkeyval/xk
vutils.tex"
\XKV@toks=\toks29
\XKV@tempa@toks=\toks30
)
\XKV@depth=\count304
File: xkeyval.tex 2014/12/03 v2.7a key=value parser (HA)
))
("C:/Users/Simone Pagliuca/AppData/Local/Programs/MiKTeX/tex/latex/base/ifthen.
sty"
Package: ifthen 2022/04/13 v1.1d Standard LaTeX ifthen package (DPC)
)
("C:/Users/Simone Pagliuca/AppData/Local/Programs/MiKTeX/tex/latex/koma-script/
tocbasic.sty"
Package: tocbasic 2024/10/24 v3.43 KOMA-Script package (handling toc-files)

("C:/Users/Simone Pagliuca/AppData/Local/Programs/MiKTeX/tex/latex/koma-script/
scrbase.sty"
Package: scrbase 2024/10/24 v3.43 KOMA-Script package (KOMA-Script-independent 
basics and keyval usage)

("C:/Users/Simone Pagliuca/AppData/Local/Programs/MiKTeX/tex/latex/koma-script/
scrlfile.sty"
Package: scrlfile 2024/10/24 v3.43 KOMA-Script package (file load hooks)

("C:/Users/Simone Pagliuca/AppData/Local/Programs/MiKTeX/tex/latex/koma-script/
scrlfile-hook.sty"
Package: scrlfile-hook 2024/10/24 v3.43 KOMA-Script package (using LaTeX hooks)


("C:/Users/Simone Pagliuca/AppData/Local/Programs/MiKTeX/tex/latex/koma-script/
scrlogo.sty"
Package: scrlogo 2024/10/24 v3.43 KOMA-Script package (logo)
)))
Applying: [2021/05/01] Usage of raw or classic option list on input line 254.
Already applied: [0000/00/00] Usage of raw or classic option list on input line
 370.
)
\scr@dte@tocline@numberwidth=\skip65
\scr@dte@tocline@numbox=\box58
)
Package tocbasic Info: omitting babel extension for `nlo'
(tocbasic)             because of missing \bbl@set@language on input line 187.
Package tocbasic Info: omitting babel extension for `nls'
(tocbasic)             because of missing \bbl@set@language on input line 188.
\nomlabelwidth=\dimen181
\nom@tempdim=\dimen182
\nomitemsep=\skip66
)
("C:/Users/Simone Pagliuca/AppData/Local/Programs/MiKTeX/tex/latex/tools/multic
ol.sty"
Package: multicol 2023/03/30 v1.9f multicolumn formatting (FMi)
\c@tracingmulticols=\count305
\mult@box=\box59
\multicol@leftmargin=\dimen183
\c@unbalance=\count306
\c@collectmore=\count307
\doublecol@number=\count308
\multicoltolerance=\count309
\multicolpretolerance=\count310
\full@width=\dimen184
\page@free=\dimen185
\premulticols=\dimen186
\postmulticols=\dimen187
\multicolsep=\skip67
\multicolbaselineskip=\skip68
\partial@page=\box60
\last@line=\box61
\mc@boxedresult=\box62
\maxbalancingoverflow=\dimen188
\mult@rightbox=\box63
\mult@grightbox=\box64
\mult@firstbox=\box65
\mult@gfirstbox=\box66
\@tempa=\box67
\@tempa=\box68
\@tempa=\box69
\@tempa=\box70
\@tempa=\box71
\@tempa=\box72
\@tempa=\box73
\@tempa=\box74
\@tempa=\box75
\@tempa=\box76
\@tempa=\box77
\@tempa=\box78
\@tempa=\box79
\@tempa=\box80
\@tempa=\box81
\@tempa=\box82
\@tempa=\box83
\@tempa=\box84
\@tempa=\box85
\@tempa=\box86
\@tempa=\box87
\@tempa=\box88
\@tempa=\box89
\@tempa=\box90
\@tempa=\box91
\@tempa=\box92
\@tempa=\box93
\@tempa=\box94
\@tempa=\box95
\@tempa=\box96
\@tempa=\box97
\@tempa=\box98
\@tempa=\box99
\@tempa=\box100
\@tempa=\box101
\@tempa=\box102
\c@minrows=\count311
\c@columnbadness=\count312
\c@finalcolumnbadness=\count313
\last@try=\dimen189
\multicolovershoot=\dimen190
\multicolundershoot=\dimen191
\mult@nat@firstbox=\box103
\colbreak@box=\box104
\mc@col@check@num=\count314
)
("C:/Users/Simone Pagliuca/AppData/Local/Programs/MiKTeX/tex/latex/multirow/mul
tirow.sty"
Package: multirow 2024/11/12 v2.9 Span multiple rows of a table
\multirow@colwidth=\skip69
\multirow@cntb=\count315
\multirow@dima=\skip70
\bigstrutjot=\dimen192
)
("C:/Users/Simone Pagliuca/AppData/Local/Programs/MiKTeX/tex/latex/csquotes/csq
uotes.sty"
Package: csquotes 2024-04-04 v5.2o context-sensitive quotations (JAW)
\csq@reset=\count316
\csq@gtype=\count317
\csq@glevel=\count318
\csq@qlevel=\count319
\csq@maxlvl=\count320
\csq@tshold=\count321
\csq@ltx@everypar=\toks31

("C:/Users/Simone Pagliuca/AppData/Local/Programs/MiKTeX/tex/latex/csquotes/csq
uotes.def"
File: csquotes.def 2024-04-04 v5.2o csquotes generic definitions (JAW)
)
Package csquotes Info: Trying to load configuration file 'csquotes.cfg'...
Package csquotes Info: ... configuration file loaded successfully.

("C:/Users/Simone Pagliuca/AppData/Local/Programs/MiKTeX/tex/latex/csquotes/csq
uotes.cfg"
File: csquotes.cfg 
))
("C:/Users/Simone Pagliuca/AppData/Local/Programs/MiKTeX/tex/latex/tcolorbox/tc
olorbox.sty"
Package: tcolorbox 2024/01/10 version 6.2.0 text color boxes

("C:/Users/Simone Pagliuca/AppData/Local/Programs/MiKTeX/tex/latex/pgf/basiclay
er/pgf.sty"
("C:/Users/Simone Pagliuca/AppData/Local/Programs/MiKTeX/tex/latex/pgf/utilitie
s/pgfrcs.sty"
("C:/Users/Simone Pagliuca/AppData/Local/Programs/MiKTeX/tex/generic/pgf/utilit
ies/pgfutil-common.tex"
\pgfutil@everybye=\toks32
\pgfutil@tempdima=\dimen193
\pgfutil@tempdimb=\dimen194
)
("C:/Users/Simone Pagliuca/AppData/Local/Programs/MiKTeX/tex/generic/pgf/utilit
ies/pgfutil-latex.def"
\pgfutil@abb=\box105
)
("C:/Users/Simone Pagliuca/AppData/Local/Programs/MiKTeX/tex/generic/pgf/utilit
ies/pgfrcs.code.tex"
("C:/Users/Simone Pagliuca/AppData/Local/Programs/MiKTeX/tex/generic/pgf/pgf.re
vision.tex")
Package: pgfrcs 2023-01-15 v3.1.10 (3.1.10)
))
Package: pgf 2023-01-15 v3.1.10 (3.1.10)

("C:/Users/Simone Pagliuca/AppData/Local/Programs/MiKTeX/tex/latex/pgf/basiclay
er/pgfcore.sty"
("C:/Users/Simone Pagliuca/AppData/Local/Programs/MiKTeX/tex/latex/pgf/systemla
yer/pgfsys.sty"
("C:/Users/Simone Pagliuca/AppData/Local/Programs/MiKTeX/tex/generic/pgf/system
layer/pgfsys.code.tex"
Package: pgfsys 2023-01-15 v3.1.10 (3.1.10)

("C:/Users/Simone Pagliuca/AppData/Local/Programs/MiKTeX/tex/generic/pgf/utilit
ies/pgfkeys.code.tex"
\pgfkeys@pathtoks=\toks33
\pgfkeys@temptoks=\toks34

("C:/Users/Simone Pagliuca/AppData/Local/Programs/MiKTeX/tex/generic/pgf/utilit
ies/pgfkeyslibraryfiltered.code.tex"
\pgfkeys@tmptoks=\toks35
))
\pgf@x=\dimen195
\pgf@y=\dimen196
\pgf@xa=\dimen197
\pgf@ya=\dimen198
\pgf@xb=\dimen199
\pgf@yb=\dimen256
\pgf@xc=\dimen257
\pgf@yc=\dimen258
\pgf@xd=\dimen259
\pgf@yd=\dimen260
\w@pgf@writea=\write3
\r@pgf@reada=\read2
\c@pgf@counta=\count322
\c@pgf@countb=\count323
\c@pgf@countc=\count324
\c@pgf@countd=\count325
\t@pgf@toka=\toks36
\t@pgf@tokb=\toks37
\t@pgf@tokc=\toks38
\pgf@sys@id@count=\count326

("C:/Users/Simone Pagliuca/AppData/Local/Programs/MiKTeX/tex/generic/pgf/system
layer/pgf.cfg"
File: pgf.cfg 2023-01-15 v3.1.10 (3.1.10)
)
Driver file for pgf: pgfsys-luatex.def

("C:/Users/Simone Pagliuca/AppData/Local/Programs/MiKTeX/tex/generic/pgf/system
layer/pgfsys-luatex.def"
File: pgfsys-luatex.def 2023-01-15 v3.1.10 (3.1.10)

("C:/Users/Simone Pagliuca/AppData/Local/Programs/MiKTeX/tex/generic/pgf/system
layer/pgfsys-common-pdf.def"
File: pgfsys-common-pdf.def 2023-01-15 v3.1.10 (3.1.10)
)))
("C:/Users/Simone Pagliuca/AppData/Local/Programs/MiKTeX/tex/generic/pgf/system
layer/pgfsyssoftpath.code.tex"
File: pgfsyssoftpath.code.tex 2023-01-15 v3.1.10 (3.1.10)
\pgfsyssoftpath@smallbuffer@items=\count327
\pgfsyssoftpath@bigbuffer@items=\count328
)
("C:/Users/Simone Pagliuca/AppData/Local/Programs/MiKTeX/tex/generic/pgf/system
layer/pgfsysprotocol.code.tex"
File: pgfsysprotocol.code.tex 2023-01-15 v3.1.10 (3.1.10)
))
("C:/Users/Simone Pagliuca/AppData/Local/Programs/MiKTeX/tex/generic/pgf/basicl
ayer/pgfcore.code.tex"
Package: pgfcore 2023-01-15 v3.1.10 (3.1.10)

("C:/Users/Simone Pagliuca/AppData/Local/Programs/MiKTeX/tex/generic/pgf/math/p
gfmath.code.tex"
("C:/Users/Simone Pagliuca/AppData/Local/Programs/MiKTeX/tex/generic/pgf/math/p
gfmathutil.code.tex")
("C:/Users/Simone Pagliuca/AppData/Local/Programs/MiKTeX/tex/generic/pgf/math/p
gfmathparser.code.tex"
\pgfmath@dimen=\dimen261
\pgfmath@count=\count329
\pgfmath@box=\box106
\pgfmath@toks=\toks39
\pgfmath@stack@operand=\toks40
\pgfmath@stack@operation=\toks41
)
("C:/Users/Simone Pagliuca/AppData/Local/Programs/MiKTeX/tex/generic/pgf/math/p
gfmathfunctions.code.tex")
("C:/Users/Simone Pagliuca/AppData/Local/Programs/MiKTeX/tex/generic/pgf/math/p
gfmathfunctions.basic.code.tex")
("C:/Users/Simone Pagliuca/AppData/Local/Programs/MiKTeX/tex/generic/pgf/math/p
gfmathfunctions.trigonometric.code.tex")
("C:/Users/Simone Pagliuca/AppData/Local/Programs/MiKTeX/tex/generic/pgf/math/p
gfmathfunctions.random.code.tex")
("C:/Users/Simone Pagliuca/AppData/Local/Programs/MiKTeX/tex/generic/pgf/math/p
gfmathfunctions.comparison.code.tex")
("C:/Users/Simone Pagliuca/AppData/Local/Programs/MiKTeX/tex/generic/pgf/math/p
gfmathfunctions.base.code.tex")
("C:/Users/Simone Pagliuca/AppData/Local/Programs/MiKTeX/tex/generic/pgf/math/p
gfmathfunctions.round.code.tex")
("C:/Users/Simone Pagliuca/AppData/Local/Programs/MiKTeX/tex/generic/pgf/math/p
gfmathfunctions.misc.code.tex")
("C:/Users/Simone Pagliuca/AppData/Local/Programs/MiKTeX/tex/generic/pgf/math/p
gfmathfunctions.integerarithmetics.code.tex")
("C:/Users/Simone Pagliuca/AppData/Local/Programs/MiKTeX/tex/generic/pgf/math/p
gfmathcalc.code.tex")
("C:/Users/Simone Pagliuca/AppData/Local/Programs/MiKTeX/tex/generic/pgf/math/p
gfmathfloat.code.tex"
\c@pgfmathroundto@lastzeros=\count330
))
("C:/Users/Simone Pagliuca/AppData/Local/Programs/MiKTeX/tex/generic/pgf/math/p
gfint.code.tex")
("C:/Users/Simone Pagliuca/AppData/Local/Programs/MiKTeX/tex/generic/pgf/basicl
ayer/pgfcorepoints.code.tex"
File: pgfcorepoints.code.tex 2023-01-15 v3.1.10 (3.1.10)
\pgf@picminx=\dimen262
\pgf@picmaxx=\dimen263
\pgf@picminy=\dimen264
\pgf@picmaxy=\dimen265
\pgf@pathminx=\dimen266
\pgf@pathmaxx=\dimen267
\pgf@pathminy=\dimen268
\pgf@pathmaxy=\dimen269
\pgf@xx=\dimen270
\pgf@xy=\dimen271
\pgf@yx=\dimen272
\pgf@yy=\dimen273
\pgf@zx=\dimen274
\pgf@zy=\dimen275
)
("C:/Users/Simone Pagliuca/AppData/Local/Programs/MiKTeX/tex/generic/pgf/basicl
ayer/pgfcorepathconstruct.code.tex"
File: pgfcorepathconstruct.code.tex 2023-01-15 v3.1.10 (3.1.10)
\pgf@path@lastx=\dimen276
\pgf@path@lasty=\dimen277
)
("C:/Users/Simone Pagliuca/AppData/Local/Programs/MiKTeX/tex/generic/pgf/basicl
ayer/pgfcorepathusage.code.tex"
File: pgfcorepathusage.code.tex 2023-01-15 v3.1.10 (3.1.10)
\pgf@shorten@end@additional=\dimen278
\pgf@shorten@start@additional=\dimen279
)
("C:/Users/Simone Pagliuca/AppData/Local/Programs/MiKTeX/tex/generic/pgf/basicl
ayer/pgfcorescopes.code.tex"
File: pgfcorescopes.code.tex 2023-01-15 v3.1.10 (3.1.10)
\pgfpic=\box107
\pgf@hbox=\box108
\pgf@layerbox@main=\box109
\pgf@picture@serial@count=\count331
)
("C:/Users/Simone Pagliuca/AppData/Local/Programs/MiKTeX/tex/generic/pgf/basicl
ayer/pgfcoregraphicstate.code.tex"
File: pgfcoregraphicstate.code.tex 2023-01-15 v3.1.10 (3.1.10)
\pgflinewidth=\dimen280
)
("C:/Users/Simone Pagliuca/AppData/Local/Programs/MiKTeX/tex/generic/pgf/basicl
ayer/pgfcoretransformations.code.tex"
File: pgfcoretransformations.code.tex 2023-01-15 v3.1.10 (3.1.10)
\pgf@pt@x=\dimen281
\pgf@pt@y=\dimen282
\pgf@pt@temp=\dimen283
)
("C:/Users/Simone Pagliuca/AppData/Local/Programs/MiKTeX/tex/generic/pgf/basicl
ayer/pgfcorequick.code.tex"
File: pgfcorequick.code.tex 2023-01-15 v3.1.10 (3.1.10)
)
("C:/Users/Simone Pagliuca/AppData/Local/Programs/MiKTeX/tex/generic/pgf/basicl
ayer/pgfcoreobjects.code.tex"
File: pgfcoreobjects.code.tex 2023-01-15 v3.1.10 (3.1.10)
)
("C:/Users/Simone Pagliuca/AppData/Local/Programs/MiKTeX/tex/generic/pgf/basicl
ayer/pgfcorepathprocessing.code.tex"
File: pgfcorepathprocessing.code.tex 2023-01-15 v3.1.10 (3.1.10)
)
("C:/Users/Simone Pagliuca/AppData/Local/Programs/MiKTeX/tex/generic/pgf/basicl
ayer/pgfcorearrows.code.tex"
File: pgfcorearrows.code.tex 2023-01-15 v3.1.10 (3.1.10)
\pgfarrowsep=\dimen284
)
("C:/Users/Simone Pagliuca/AppData/Local/Programs/MiKTeX/tex/generic/pgf/basicl
ayer/pgfcoreshade.code.tex"
File: pgfcoreshade.code.tex 2023-01-15 v3.1.10 (3.1.10)
\pgf@max=\dimen285
\pgf@sys@shading@range@num=\count332
\pgf@shadingcount=\count333
)
("C:/Users/Simone Pagliuca/AppData/Local/Programs/MiKTeX/tex/generic/pgf/basicl
ayer/pgfcoreimage.code.tex"
File: pgfcoreimage.code.tex 2023-01-15 v3.1.10 (3.1.10)
)
("C:/Users/Simone Pagliuca/AppData/Local/Programs/MiKTeX/tex/generic/pgf/basicl
ayer/pgfcoreexternal.code.tex"
File: pgfcoreexternal.code.tex 2023-01-15 v3.1.10 (3.1.10)
\pgfexternal@startupbox=\box110
)
("C:/Users/Simone Pagliuca/AppData/Local/Programs/MiKTeX/tex/generic/pgf/basicl
ayer/pgfcorelayers.code.tex"
File: pgfcorelayers.code.tex 2023-01-15 v3.1.10 (3.1.10)
)
("C:/Users/Simone Pagliuca/AppData/Local/Programs/MiKTeX/tex/generic/pgf/basicl
ayer/pgfcoretransparency.code.tex"
File: pgfcoretransparency.code.tex 2023-01-15 v3.1.10 (3.1.10)
)
("C:/Users/Simone Pagliuca/AppData/Local/Programs/MiKTeX/tex/generic/pgf/basicl
ayer/pgfcorepatterns.code.tex"
File: pgfcorepatterns.code.tex 2023-01-15 v3.1.10 (3.1.10)
)
("C:/Users/Simone Pagliuca/AppData/Local/Programs/MiKTeX/tex/generic/pgf/basicl
ayer/pgfcorerdf.code.tex"
File: pgfcorerdf.code.tex 2023-01-15 v3.1.10 (3.1.10)
)))
("C:/Users/Simone Pagliuca/AppData/Local/Programs/MiKTeX/tex/generic/pgf/module
s/pgfmoduleshapes.code.tex"
File: pgfmoduleshapes.code.tex 2023-01-15 v3.1.10 (3.1.10)
\pgfnodeparttextbox=\box111
)
("C:/Users/Simone Pagliuca/AppData/Local/Programs/MiKTeX/tex/generic/pgf/module
s/pgfmoduleplot.code.tex"
File: pgfmoduleplot.code.tex 2023-01-15 v3.1.10 (3.1.10)
)
("C:/Users/Simone Pagliuca/AppData/Local/Programs/MiKTeX/tex/latex/pgf/compatib
ility/pgfcomp-version-0-65.sty"
Package: pgfcomp-version-0-65 2023-01-15 v3.1.10 (3.1.10)
\pgf@nodesepstart=\dimen286
\pgf@nodesepend=\dimen287
)
("C:/Users/Simone Pagliuca/AppData/Local/Programs/MiKTeX/tex/latex/pgf/compatib
ility/pgfcomp-version-1-18.sty"
Package: pgfcomp-version-1-18 2023-01-15 v3.1.10 (3.1.10)
))
("C:/Users/Simone Pagliuca/AppData/Local/Programs/MiKTeX/tex/latex/tools/verbat
im.sty"
Package: verbatim 2023-11-06 v1.5v LaTeX2e package for verbatim enhancements
\every@verbatim=\toks42
\verbatim@line=\toks43
\verbatim@in@stream=\read3
)
("C:/Users/Simone Pagliuca/AppData/Local/Programs/MiKTeX/tex/latex/environ/envi
ron.sty"
Package: environ 2014/05/04 v0.3 A new way to define environments

("C:/Users/Simone Pagliuca/AppData/Local/Programs/MiKTeX/tex/latex/trimspaces/t
rimspaces.sty"
Package: trimspaces 2009/09/17 v1.1 Trim spaces around a token list
))
\tcb@titlebox=\box112
\tcb@upperbox=\box113
\tcb@lowerbox=\box114
\tcb@phantombox=\box115
\c@tcbbreakpart=\count334
\c@tcblayer=\count335
\c@tcolorbox@number=\count336
\l__tcobox_tmpa_box=\box116
\l__tcobox_tmpa_dim=\dimen288
\tcb@temp=\box117
\tcb@temp=\box118
\tcb@temp=\box119
\tcb@temp=\box120
)
("C:/Users/Simone Pagliuca/AppData/Local/Programs/MiKTeX/tex/latex/listings/lis
tings.sty"
\lst@mode=\count337
\lst@gtempboxa=\box121
\lst@token=\toks44
\lst@length=\count338
\lst@currlwidth=\dimen289
\lst@column=\count339
\lst@pos=\count340
\lst@lostspace=\dimen290
\lst@width=\dimen291
\lst@newlines=\count341
\lst@lineno=\count342
\lst@maxwidth=\dimen292

("C:/Users/Simone Pagliuca/AppData/Local/Programs/MiKTeX/tex/latex/listings/lst
misc.sty"
File: lstmisc.sty 2023/02/27 1.9 (Carsten Heinz)
\c@lstnumber=\count343
\lst@skipnumbers=\count344
\lst@framebox=\box122
)
("C:/Users/Simone Pagliuca/AppData/Local/Programs/MiKTeX/tex/latex/listings/lis
tings.cfg"
File: listings.cfg 2023/02/27 1.9 listings configuration
))
Package: listings 2023/02/27 1.9 (Carsten Heinz)

("C:/Users/Simone Pagliuca/AppData/Local/Programs/MiKTeX/tex/latex/sectsty/sect
sty.sty"
Package: sectsty 2002/02/25 v2.0.2 Commands to change all sectional heading sty
les


LaTeX Warning: Command \underbar  has changed.
               Check if current package is valid.


LaTeX Warning: Command \underline  has changed.
               Check if current package is valid.

)
luaotfload | cache : Lookup cache loaded from C:/Users/Simone Pagliuca/AppData/L
ocal/MiKTeX/luatex-cache/generic/names/luaotfload-lookup-cache.luc.
luaotfload | aux : font no 18 (nil) defines no feature for script latn
luaotfload | aux : font no 18 (nil) does not define feature smcp for script dflt
 with language dflt
luaotfload | aux : font no 23 (nil) does not define feature smcp for script dflt
 with language dflt
luaotfload | aux : font no 24 (nil) does not define feature smcp for script dflt
 with language dflt
luaotfload | aux : font no 25 (nil) does not define feature smcp for script dflt
 with language dflt

Package fontspec Info: Font family 'Poppins(0)' created for font 'Poppins'
(fontspec)             with options [Ligatures=TeX].
(fontspec)              
(fontspec)              This font family consists of the following NFSS
(fontspec)             series/shapes:
(fontspec)              
(fontspec)             - 'normal' (m/n) with NFSS spec.:
(fontspec)             <->"Poppins:mode=node;script=DFLT;language=dflt;+tlig;"
(fontspec)             - 'small caps'  (m/sc) with NFSS spec.: 
(fontspec)             - 'bold' (b/n) with NFSS spec.:
(fontspec)             <->"Poppins/B:mode=node;script=DFLT;language=dflt;+tlig;
"
(fontspec)             - 'bold small caps'  (b/sc) with NFSS spec.: 
(fontspec)             - 'italic' (m/it) with NFSS spec.:
(fontspec)             <->"Poppins/I:mode=node;script=DFLT;language=dflt;+tlig;
"
(fontspec)             - 'italic small caps'  (m/scit) with NFSS spec.: 
(fontspec)             - 'bold italic' (b/it) with NFSS spec.:
(fontspec)             <->"Poppins/BI:mode=node;script=DFLT;language=dflt;+tlig
;"
(fontspec)             - 'bold italic small caps'  (b/scit) with NFSS spec.: 

luaotfload | aux : font no 28 (nil) defines no feature for script latn
luaotfload | aux : font no 28 (nil) defines no feature for script dflt

Package fontspec Info: Font family 'AnonymousPro(0)' created for font
(fontspec)             'Anonymous Pro' with options [].
(fontspec)              
(fontspec)              This font family consists of the following NFSS
(fontspec)             series/shapes:
(fontspec)              
(fontspec)             - 'normal' (m/n) with NFSS spec.:
(fontspec)             <->"AnonymousPro:mode=node;language=dflt;"
(fontspec)             - 'small caps'  (m/sc) with NFSS spec.: 
(fontspec)             - 'bold' (b/n) with NFSS spec.:
(fontspec)             <->"AnonymousPro/B:mode=node;language=dflt;"
(fontspec)             - 'bold small caps'  (b/sc) with NFSS spec.: 
(fontspec)             - 'italic' (m/it) with NFSS spec.:
(fontspec)             <->"AnonymousPro/I:mode=node;language=dflt;"
(fontspec)             - 'italic small caps'  (m/scit) with NFSS spec.: 
(fontspec)             - 'bold italic' (b/it) with NFSS spec.:
(fontspec)             <->"AnonymousPro/BI:mode=node;language=dflt;"
(fontspec)             - 'bold italic small caps'  (b/scit) with NFSS spec.: 

luaotfload | aux : font no 28 (nil) defines no feature for script latn
luaotfload | aux : font no 28 (nil) defines no feature for script dflt

Package fontspec Info: Font family 'AnonymousPro(1)' created for font
(fontspec)             'Anonymous Pro' with options
(fontspec)             [WordSpace={1,0,0},HyphenChar=None,PunctuationSpace=Word
Space].
(fontspec)              
(fontspec)              This font family consists of the following NFSS
(fontspec)             series/shapes:
(fontspec)              
(fontspec)             - 'normal' (m/n) with NFSS spec.:
(fontspec)             <->"AnonymousPro:mode=node;language=dflt;"
(fontspec)             - 'small caps'  (m/sc) with NFSS spec.: 
(fontspec)             and font adjustment code:
(fontspec)             \fontdimen 2\font =1\fontdimen 2\font \fontdimen 3\font
(fontspec)             =0\fontdimen 3\font \fontdimen 4\font =0\fontdimen
(fontspec)             4\font \fontdimen 7\font =0\fontdimen 2\font
(fontspec)             \tex_hyphenchar:D \font =-1\scan_stop: 
(fontspec)             - 'bold' (b/n) with NFSS spec.:
(fontspec)             <->"AnonymousPro/B:mode=node;language=dflt;"
(fontspec)             - 'bold small caps'  (b/sc) with NFSS spec.: 
(fontspec)             and font adjustment code:
(fontspec)             \fontdimen 2\font =1\fontdimen 2\font \fontdimen 3\font
(fontspec)             =0\fontdimen 3\font \fontdimen 4\font =0\fontdimen
(fontspec)             4\font \fontdimen 7\font =0\fontdimen 2\font
(fontspec)             \tex_hyphenchar:D \font =-1\scan_stop: 
(fontspec)             - 'italic' (m/it) with NFSS spec.:
(fontspec)             <->"AnonymousPro/I:mode=node;language=dflt;"
(fontspec)             - 'italic small caps'  (m/scit) with NFSS spec.: 
(fontspec)             and font adjustment code:
(fontspec)             \fontdimen 2\font =1\fontdimen 2\font \fontdimen 3\font
(fontspec)             =0\fontdimen 3\font \fontdimen 4\font =0\fontdimen
(fontspec)             4\font \fontdimen 7\font =0\fontdimen 2\font
(fontspec)             \tex_hyphenchar:D \font =-1\scan_stop: 
(fontspec)             - 'bold italic' (b/it) with NFSS spec.:
(fontspec)             <->"AnonymousPro/BI:mode=node;language=dflt;"
(fontspec)             - 'bold italic small caps'  (b/scit) with NFSS spec.: 
(fontspec)             and font adjustment code:
(fontspec)             \fontdimen 2\font =1\fontdimen 2\font \fontdimen 3\font
(fontspec)             =0\fontdimen 3\font \fontdimen 4\font =0\fontdimen
(fontspec)             4\font \fontdimen 7\font =0\fontdimen 2\font
(fontspec)             \tex_hyphenchar:D \font =-1\scan_stop: 


("C:/Users/Simone Pagliuca/AppData/Local/Programs/MiKTeX/tex/latex/biblatex/bib
latex.sty"
Package: biblatex 2023/03/05 v3.19 programmable bibliographies (PK/MW)

("C:/Users/Simone Pagliuca/AppData/Local/Programs/MiKTeX/tex/latex/logreq/logre
q.sty"
Package: logreq 2010/08/04 v1.0 xml request logger
\lrq@indent=\count345

("C:/Users/Simone Pagliuca/AppData/Local/Programs/MiKTeX/tex/latex/logreq/logre
q.def"
File: logreq.def 2010/08/04 v1.0 logreq spec v1.0
))
\c@tabx@nest=\count346
\c@listtotal=\count347
\c@listcount=\count348
\c@liststart=\count349
\c@liststop=\count350
\c@citecount=\count351
\c@citetotal=\count352
\c@multicitecount=\count353
\c@multicitetotal=\count354
\c@instcount=\count355
\c@maxnames=\count356
\c@minnames=\count357
\c@maxitems=\count358
\c@minitems=\count359
\c@citecounter=\count360
\c@maxcitecounter=\count361
\c@savedcitecounter=\count362
\c@uniquelist=\count363
\c@uniquename=\count364
\c@refsection=\count365
\c@refsegment=\count366
\c@maxextratitle=\count367
\c@maxextratitleyear=\count368
\c@maxextraname=\count369
\c@maxextradate=\count370
\c@maxextraalpha=\count371
\c@abbrvpenalty=\count372
\c@highnamepenalty=\count373
\c@lownamepenalty=\count374
\c@maxparens=\count375
\c@parenlevel=\count376
\blx@tempcnta=\count377
\blx@tempcntb=\count378
\blx@tempcntc=\count379
\c@blx@maxsection=\count380
\blx@maxsegment@0=\count381
\blx@notetype=\count382
\blx@parenlevel@text=\count383
\blx@parenlevel@foot=\count384
\blx@sectionciteorder@0=\count385
\blx@sectionciteorderinternal@0=\count386
\blx@entrysetcounter=\count387
\blx@biblioinstance=\count388
\labelnumberwidth=\skip71
\labelalphawidth=\skip72
\biblabelsep=\skip73
\bibitemsep=\skip74
\bibnamesep=\skip75
\bibinitsep=\skip76
\bibparsep=\skip77
\bibhang=\skip78
\blx@bcfin=\read4
\blx@bcfout=\write4
\blx@langwohyphens=\language2
\c@mincomprange=\count389
\c@maxcomprange=\count390
\c@mincompwidth=\count391
Package biblatex Info: Trying to load biblatex default data model...
Package biblatex Info: ... file 'blx-dm.def' found.

("C:/Users/Simone Pagliuca/AppData/Local/Programs/MiKTeX/tex/latex/biblatex/blx
-dm.def"
File: blx-dm.def 2023/03/05 v3.19 biblatex localization (PK/MW)
)
Package biblatex Info: Trying to load biblatex style data model...
Package biblatex Info: ... file 'ieee.dbx' not found.
Package biblatex Info: Trying to load biblatex custom data model...
Package biblatex Info: ... file 'biblatex-dm.cfg' not found.
\c@afterword=\count392
\c@savedafterword=\count393
\c@annotator=\count394
\c@savedannotator=\count395
\c@author=\count396
\c@savedauthor=\count397
\c@bookauthor=\count398
\c@savedbookauthor=\count399
\c@commentator=\count400
\c@savedcommentator=\count401
\c@editor=\count402
\c@savededitor=\count403
\c@editora=\count404
\c@savededitora=\count405
\c@editorb=\count406
\c@savededitorb=\count407
\c@editorc=\count408
\c@savededitorc=\count409
\c@foreword=\count410
\c@savedforeword=\count411
\c@holder=\count412
\c@savedholder=\count413
\c@introduction=\count414
\c@savedintroduction=\count415
\c@namea=\count416
\c@savednamea=\count417
\c@nameb=\count418
\c@savednameb=\count419
\c@namec=\count420
\c@savednamec=\count421
\c@translator=\count422
\c@savedtranslator=\count423
\c@shortauthor=\count424
\c@savedshortauthor=\count425
\c@shorteditor=\count426
\c@savedshorteditor=\count427
\c@labelname=\count428
\c@savedlabelname=\count429
\c@institution=\count430
\c@savedinstitution=\count431
\c@lista=\count432
\c@savedlista=\count433
\c@listb=\count434
\c@savedlistb=\count435
\c@listc=\count436
\c@savedlistc=\count437
\c@listd=\count438
\c@savedlistd=\count439
\c@liste=\count440
\c@savedliste=\count441
\c@listf=\count442
\c@savedlistf=\count443
\c@location=\count444
\c@savedlocation=\count445
\c@organization=\count446
\c@savedorganization=\count447
\c@origlocation=\count448
\c@savedoriglocation=\count449
\c@origpublisher=\count450
\c@savedorigpublisher=\count451
\c@publisher=\count452
\c@savedpublisher=\count453
\c@language=\count454
\c@savedlanguage=\count455
\c@origlanguage=\count456
\c@savedoriglanguage=\count457
\c@pageref=\count458
\c@savedpageref=\count459
\shorthandwidth=\skip79
\shortjournalwidth=\skip80
\shortserieswidth=\skip81
\shorttitlewidth=\skip82
\shortauthorwidth=\skip83
\shorteditorwidth=\skip84
\locallabelnumberwidth=\skip85
\locallabelalphawidth=\skip86
\localshorthandwidth=\skip87
\localshortjournalwidth=\skip88
\localshortserieswidth=\skip89
\localshorttitlewidth=\skip90
\localshortauthorwidth=\skip91
\localshorteditorwidth=\skip92
Package biblatex Info: Trying to load enhanced support for Unicode engines...
Package biblatex Info: ... file 'blx-unicode.def' found.

("C:/Users/Simone Pagliuca/AppData/Local/Programs/MiKTeX/tex/latex/biblatex/blx
-unicode.def")
Package biblatex Info: Trying to load compatibility code...
Package biblatex Info: ... file 'blx-compat.def' found.

("C:/Users/Simone Pagliuca/AppData/Local/Programs/MiKTeX/tex/latex/biblatex/blx
-compat.def"
File: blx-compat.def 2023/03/05 v3.19 biblatex compatibility (PK/MW)
)
Package biblatex Info: Trying to load generic definitions...
Package biblatex Info: ... file 'biblatex.def' found.

("C:/Users/Simone Pagliuca/AppData/Local/Programs/MiKTeX/tex/latex/biblatex/bib
latex.def"
File: biblatex.def 2023/03/05 v3.19 biblatex compatibility (PK/MW)
\c@textcitecount=\count460
\c@textcitetotal=\count461
\c@textcitemaxnames=\count462
\c@biburlbigbreakpenalty=\count463
\c@biburlbreakpenalty=\count464
\c@biburlnumpenalty=\count465
\c@biburlucpenalty=\count466
\c@biburllcpenalty=\count467
\biburlbigskip=\muskip18
\biburlnumskip=\muskip19
\biburlucskip=\muskip20
\biburllcskip=\muskip21
\c@smartand=\count468
)
Package biblatex Info: Trying to load bibliography style 'ieee'...
Package biblatex Info: ... file 'ieee.bbx' found.

("C:/Users/Simone Pagliuca/AppData/Local/Programs/MiKTeX/tex/latex/biblatex-iee
e/ieee.bbx"
File: ieee.bbx 2025-01-15 v1.4c biblatex bibliography style
Package biblatex Info: Trying to load bibliography style 'numeric-comp'...
Package biblatex Info: ... file 'numeric-comp.bbx' found.

("C:/Users/Simone Pagliuca/AppData/Local/Programs/MiKTeX/tex/latex/biblatex/bbx
/numeric-comp.bbx"
File: numeric-comp.bbx 2023/03/05 v3.19 biblatex bibliography style (PK/MW)
Package biblatex Info: Trying to load bibliography style 'numeric'...
Package biblatex Info: ... file 'numeric.bbx' found.

("C:/Users/Simone Pagliuca/AppData/Local/Programs/MiKTeX/tex/latex/biblatex/bbx
/numeric.bbx"
File: numeric.bbx 2023/03/05 v3.19 biblatex bibliography style (PK/MW)
Package biblatex Info: Trying to load bibliography style 'standard'...
Package biblatex Info: ... file 'standard.bbx' found.

("C:/Users/Simone Pagliuca/AppData/Local/Programs/MiKTeX/tex/latex/biblatex/bbx
/standard.bbx"
File: standard.bbx 2023/03/05 v3.19 biblatex bibliography style (PK/MW)
\c@bbx:relatedcount=\count469
\c@bbx:relatedtotal=\count470
))))
Package biblatex Info: Trying to load citation style 'numeric'...
Package biblatex Info: ... file 'numeric.cbx' found.

("C:/Users/Simone Pagliuca/AppData/Local/Programs/MiKTeX/tex/latex/biblatex/cbx
/numeric.cbx"
File: numeric.cbx 2023/03/05 v3.19 biblatex citation style (PK/MW)
Package biblatex Info: Redefining '\cite'.
Package biblatex Info: Redefining '\parencite'.
Package biblatex Info: Redefining '\footcite'.
Package biblatex Info: Redefining '\footcitetext'.
Package biblatex Info: Redefining '\smartcite'.
Package biblatex Info: Redefining '\supercite'.
Package biblatex Info: Redefining '\textcite'.
Package biblatex Info: Redefining '\textcites'.
Package biblatex Info: Redefining '\cites'.
Package biblatex Info: Redefining '\parencites'.
Package biblatex Info: Redefining '\smartcites'.
)
Package biblatex Info: Trying to load configuration file...
Package biblatex Info: ... file 'biblatex.cfg' found.

("C:/Users/Simone Pagliuca/AppData/Local/Programs/MiKTeX/tex/latex/biblatex/bib
latex.cfg"
File: biblatex.cfg 
)
Package biblatex Info: LuaTeX detected.
(biblatex)             Assuming input encoding 'utf8'.
Package biblatex Info: Document encoding is UTF8 ....
Package biblatex Info: ... and expl3
(biblatex)             2024-01-04 L3 programming layer (loader) 
(biblatex)             is new enough (at least 2020/04/06),
(biblatex)             setting 'casechanger=expl3'.

("C:/Users/Simone Pagliuca/AppData/Local/Programs/MiKTeX/tex/latex/biblatex/blx
-case-expl3.sty"
Package: blx-case-expl3 2023/03/05 v3.19 expl3 case changing code for biblatex
))
Package csquotes Info: Checking for multilingual support...
Package csquotes Info: ... none found.
 (./main.aux)
\openout1 = main.aux

LaTeX Font Info:    Checking defaults for OML/cmm/m/it on input line 117.
LaTeX Font Info:    ... okay on input line 117.
LaTeX Font Info:    Checking defaults for OMS/cmsy/m/n on input line 117.
LaTeX Font Info:    ... okay on input line 117.
LaTeX Font Info:    Checking defaults for OT1/cmr/m/n on input line 117.
LaTeX Font Info:    ... okay on input line 117.
LaTeX Font Info:    Checking defaults for T1/cmr/m/n on input line 117.
LaTeX Font Info:    ... okay on input line 117.
LaTeX Font Info:    Checking defaults for TS1/cmr/m/n on input line 117.
LaTeX Font Info:    Trying to load font information for TS1+cmr on input line 1
17.

("C:/Users/Simone Pagliuca/AppData/Local/Programs/MiKTeX/tex/latex/base/ts1cmr.
fd"
File: ts1cmr.fd 2023/04/13 v2.5m Standard LaTeX font definitions
)
LaTeX Font Info:    ... okay on input line 117.
LaTeX Font Info:    Checking defaults for TU/lmr/m/n on input line 117.
LaTeX Font Info:    ... okay on input line 117.
LaTeX Font Info:    Checking defaults for OMX/cmex/m/n on input line 117.
LaTeX Font Info:    ... okay on input line 117.
LaTeX Font Info:    Checking defaults for U/cmr/m/n on input line 117.
LaTeX Font Info:    ... okay on input line 117.
LaTeX Font Info:    Checking defaults for PD1/pdf/m/n on input line 117.
LaTeX Font Info:    ... okay on input line 117.
LaTeX Font Info:    Checking defaults for PU/pdf/m/n on input line 117.
LaTeX Font Info:    ... okay on input line 117.

("C:/Users/Simone Pagliuca/AppData/Local/Programs/MiKTeX/tex/context/base/mkii/
supp-pdf.mkii"
[Loading MPS to PDF converter (version 2006.09.02).]
\scratchcounter=\count471
\scratchdimen=\dimen293
\scratchbox=\box123
\nofMPsegments=\count472
\nofMParguments=\count473
\everyMPshowfont=\toks45
\MPscratchCnt=\count474
\MPscratchDim=\dimen294
\MPnumerator=\count475
\makeMPintoPDFobject=\count476
\everyMPtoPDFconversion=\toks46
)
("C:/Users/Simone Pagliuca/AppData/Local/Programs/MiKTeX/tex/latex/epstopdf-pkg
/epstopdf-base.sty"
Package: epstopdf-base 2020-01-24 v2.11 Base part for package epstopdf
Package epstopdf-base Info: Redefining graphics rule for `.eps' on input line 4
85.

("C:/Users/Simone Pagliuca/AppData/Local/Programs/MiKTeX/tex/latex/00miktex/eps
topdf-sys.cfg"
File: epstopdf-sys.cfg 2021/03/18 v2.0 Configuration of epstopdf for MiKTeX
))
*geometry* driver: auto-detecting
*geometry* detected driver: luatex
*geometry* verbose mode - [ preamble ] result:
* driver: luatex
* paper: a4paper
* layout: <same size as paper>
* layoutoffset:(h,v)=(0.0pt,0.0pt)
* modes: twoside 
* h-part:(L,W,R)=(71.70166pt, 418.25368pt, 107.55254pt)
* v-part:(T,H,B)=(101.40665pt, 591.5302pt, 152.11pt)
* \paperwidth=597.50787pt
* \paperheight=845.04684pt
* \textwidth=418.25368pt
* \textheight=591.5302pt
* \oddsidemargin=-0.56833pt
* \evensidemargin=35.28255pt
* \topmargin=-7.86334pt
* \headheight=12.0pt
* \headsep=25.0pt
* \topskip=11.0pt
* \footskip=30.0pt
* \marginparwidth=103.0pt
* \marginparsep=10.0pt
* \columnsep=10.0pt
* \skip\footins=10.0pt plus 4.0pt minus 2.0pt
* \hoffset=0.0pt
* \voffset=0.0pt
* \mag=1000
* \@twocolumnfalse
* \@twosidetrue
* \@mparswitchtrue
* \@reversemarginfalse
* (1in=72.27pt=25.4mm, 1cm=28.453pt)

Package caption Info: Begin \AtBeginDocument code.
Package caption Info: hyperref package is loaded.
Package caption Info: listings package is loaded.
Package caption Info: End \AtBeginDocument code.
Package hyperref Info: Link coloring OFF on input line 117.
(./main.out) (./main.out)
\@outlinefile=\write5

\openout5 = main.out

Package fontspec Info: Adjusting the maths setup (use [no-math] to avoid
(fontspec)             this).

\symlegacymaths=\mathgroup6
LaTeX Font Info:    Overwriting symbol font `legacymaths' in version `bold'
(Font)                  OT1/cmr/m/n --> OT1/cmr/bx/n on input line 117.
LaTeX Font Info:    Redeclaring math accent \acute on input line 117.
LaTeX Font Info:    Redeclaring math accent \grave on input line 117.
LaTeX Font Info:    Redeclaring math accent \ddot on input line 117.
LaTeX Font Info:    Redeclaring math accent \tilde on input line 117.
LaTeX Font Info:    Redeclaring math accent \bar on input line 117.
LaTeX Font Info:    Redeclaring math accent \breve on input line 117.
LaTeX Font Info:    Redeclaring math accent \check on input line 117.
LaTeX Font Info:    Redeclaring math accent \hat on input line 117.
LaTeX Font Info:    Redeclaring math accent \dot on input line 117.
LaTeX Font Info:    Redeclaring math accent \mathring on input line 117.
LaTeX Font Info:    Redeclaring math symbol \Gamma on input line 117.
LaTeX Font Info:    Redeclaring math symbol \Delta on input line 117.
LaTeX Font Info:    Redeclaring math symbol \Theta on input line 117.
LaTeX Font Info:    Redeclaring math symbol \Lambda on input line 117.
LaTeX Font Info:    Redeclaring math symbol \Xi on input line 117.
LaTeX Font Info:    Redeclaring math symbol \Pi on input line 117.
LaTeX Font Info:    Redeclaring math symbol \Sigma on input line 117.
LaTeX Font Info:    Redeclaring math symbol \Upsilon on input line 117.
LaTeX Font Info:    Redeclaring math symbol \Phi on input line 117.
LaTeX Font Info:    Redeclaring math symbol \Psi on input line 117.
LaTeX Font Info:    Redeclaring math symbol \Omega on input line 117.
LaTeX Font Info:    Redeclaring math symbol \mathdollar on input line 117.
LaTeX Font Info:    Redeclaring symbol font `operators' on input line 117.
LaTeX Font Info:    Encoding `OT1' has changed to `TU' for symbol font
(Font)              `operators' in the math version `normal' on input line 117.

LaTeX Font Info:    Overwriting symbol font `operators' in version `normal'
(Font)                  OT1/cmr/m/n --> TU/Poppins(0)/m/n on input line 117.
LaTeX Font Info:    Encoding `OT1' has changed to `TU' for symbol font
(Font)              `operators' in the math version `bold' on input line 117.
LaTeX Font Info:    Overwriting symbol font `operators' in version `bold'
(Font)                  OT1/cmr/bx/n --> TU/Poppins(0)/m/n on input line 117.
LaTeX Font Info:    Overwriting symbol font `operators' in version `normal'
(Font)                  TU/Poppins(0)/m/n --> TU/Poppins(0)/m/n on input line 1
17.
LaTeX Font Info:    Overwriting math alphabet `\mathit' in version `normal'
(Font)                  OT1/cmr/m/it --> TU/Poppins(0)/m/it on input line 117.
LaTeX Font Info:    Overwriting math alphabet `\mathbf' in version `normal'
(Font)                  OT1/cmr/bx/n --> TU/Poppins(0)/b/n on input line 117.
LaTeX Font Info:    Overwriting math alphabet `\mathsf' in version `normal'
(Font)                  OT1/cmss/m/n --> TU/lmss/m/n on input line 117.
LaTeX Font Info:    Overwriting math alphabet `\mathtt' in version `normal'
(Font)                  OT1/cmtt/m/n --> TU/AnonymousPro(1)/m/n on input line 1
17.
LaTeX Font Info:    Overwriting symbol font `operators' in version `bold'
(Font)                  TU/Poppins(0)/m/n --> TU/Poppins(0)/b/n on input line 1
17.
LaTeX Font Info:    Overwriting math alphabet `\mathit' in version `bold'
(Font)                  OT1/cmr/bx/it --> TU/Poppins(0)/b/it on input line 117.

LaTeX Font Info:    Overwriting math alphabet `\mathsf' in version `bold'
(Font)                  OT1/cmss/bx/n --> TU/lmss/b/n on input line 117.
LaTeX Font Info:    Overwriting math alphabet `\mathtt' in version `bold'
(Font)                  OT1/cmtt/m/n --> TU/AnonymousPro(1)/b/n on input line 1
17.
\c@lstlisting=\count477
Package biblatex Info: Trying to load language 'english'...
Package biblatex Info: ... file 'english.lbx' found.

("C:/Users/Simone Pagliuca/AppData/Local/Programs/MiKTeX/tex/latex/biblatex/lbx
/english.lbx"
File: english.lbx 2023/03/05 v3.19 biblatex localization (PK/MW)
)
Package biblatex Info: LuaTeX detected.
(biblatex)             Assuming input encoding 'utf8'.
Package biblatex Info: Automatic encoding selection.
(biblatex)             Assuming data encoding 'utf8'.

\openout4 = main.bcf
Package biblatex Info: Trying to load bibliographic data...
Package biblatex Info: ... file 'main.bbl' found.
 (./main.bbl)
Package biblatex Info: Reference section=0 on input line 117.
Package biblatex Info: Reference segment=0 on input line 117.
 (./title_page.tex
Underfull \hbox (badness 10000) in paragraph at lines 4--6

 []


Underfull \hbox (badness 10000) in paragraph at lines 10--12

 []


Underfull \hbox (badness 10000) in paragraph at lines 16--18

 []

\@nomenclaturefile=\write6

\openout6 = main.nlo
Package nomencl Info: Writing nomenclature file main.nlo on input line 42.
) (./main.nls
LaTeX Font Info:    Trying to load font information for U+msa on input line 4.

("C:/Users/Simone Pagliuca/AppData/Local/Programs/MiKTeX/tex/latex/amsfonts/ums
a.fd"
File: umsa.fd 2013/01/14 v3.01 AMS symbols A
)
LaTeX Font Info:    Trying to load font information for U+msb on input line 4.

("C:/Users/Simone Pagliuca/AppData/Local/Programs/MiKTeX/tex/latex/amsfonts/ums
b.fd"
File: umsb.fd 2013/01/14 v3.01 AMS symbols B
)) [1

{C:/Users/Simone Pagliuca/AppData/Local/MiKTeX/fonts/map/pdftex/pdftex.map}] (.
/main.toc)
\tf@toc=\write7

\openout7 = main.toc
 [2] (./content_0.tex) (./content_1.tex [3] [4]
<figures/1_building_area_histogram.png, id=165, 425.6703pt x 327.3831pt>
File: figures/1_building_area_histogram.png Graphic file (type png)
<use figures/1_building_area_histogram.png>
Package luatex.def Info: figures/1_building_area_histogram.png  used on input l
ine 76.
(luatex.def)             Requested size: 334.60422pt x 257.35097pt.
 [5<./figures/1_building_area_histogram.png>]
<figures/1_heat_pump_distribution.png, id=172, 614.295pt x 393.8715pt>
File: figures/1_heat_pump_distribution.png Graphic file (type png)
<use figures/1_heat_pump_distribution.png>
Package luatex.def Info: figures/1_heat_pump_distribution.png  used on input li
ne 92.
(luatex.def)             Requested size: 334.60422pt x 214.54453pt.
<figures/1_photovoltaic_distribution.png, id=173, 614.295pt x 393.8715pt>
File: figures/1_photovoltaic_distribution.png Graphic file (type png)
<use figures/1_photovoltaic_distribution.png>
Package luatex.def Info: figures/1_photovoltaic_distribution.png  used on input
 line 101.
(luatex.def)             Requested size: 334.60422pt x 214.54453pt.

Underfull \vbox (badness 10000) has occurred while \output is active []

 [6<./figures/1_heat_pump_distribution.png>]
<figures/1_pv_size_hp.png, id=180, 620.5584pt x 393.6306pt>
File: figures/1_pv_size_hp.png Graphic file (type png)
<use figures/1_pv_size_hp.png>
Package luatex.def Info: figures/1_pv_size_hp.png  used on input line 113.
(luatex.def)             Requested size: 188.21288pt x 119.38745pt.


Package caption Warning: Cannot determine current font size.
(caption)                Try setting it with `size=' explicitly on input line 1
14.
See the caption package documentation for explanation.


Package caption Warning: Cannot determine current font size.
(caption)                Try setting it with `size=' explicitly on input line 1
14.
See the caption package documentation for explanation.

<figures/1_pv_size_no_hp.png, id=181, 614.295pt x 393.6306pt>
File: figures/1_pv_size_no_hp.png Graphic file (type png)
<use figures/1_pv_size_no_hp.png>
Package luatex.def Info: figures/1_pv_size_no_hp.png  used on input line 120.
(luatex.def)             Requested size: 188.21288pt x 120.60072pt.

Package caption Warning: Cannot determine current font size.
(caption)                Try setting it with `size=' explicitly on input line 1
21.
See the caption package documentation for explanation.


Package caption Warning: Cannot determine current font size.
(caption)                Try setting it with `size=' explicitly on input line 1
21.
See the caption package documentation for explanation.


Underfull \vbox (badness 1087) has occurred while \output is active []

 [7<./figures/1_photovoltaic_distribution.png><./figures/1_pv_size_hp.png><./fig
ures/1_pv_size_no_hp.png>] [8] [9]) (./content_2.tex [10]) (./content_3.tex) [1
1]
Overfull \hbox (1.10387pt too wide) in paragraph at lines 139--139
[]\TU/Poppins(0)/m/n/9 Open-StreetMap Con-trib-u-tors, \TU/Poppins(0)/m/it/9 Nom
-i-na-tim Search Tool\TU/Poppins(0)/m/n/9 , []$\TU/AnonymousPro(1)/m/n/9 https 
: / / nominatim . openstreetmap .
 []

[12] (./main.aux)
 ***********
LaTeX2e <2023-11-01> patch level 1
L3 programming layer <2024-01-04>
 ***********
Package rerunfilecheck Info: File `main.out' has not changed.
(rerunfilecheck)             Checksum: C23F1EB7453A6A5CE1210134AEB6F6F3;3785.
Package logreq Info: Writing requests to 'main.run.xml'.

\openout1 = main.run.xml
)

Here is how much of LuaTeX's memory you used:
 35748 strings out of 476497
 125081,1977958 words of node,token memory allocated
 720 words of node memory still in use:
   7 hlist, 2 vlist, 2 rule, 2 glue, 4 kern, 1 glyph, 27 attribute, 74 glue_spec
, 27 attribute_list, 2 write, 5 pdf_action nodes
   avail lists: 1:1,2:511,3:264,4:97,5:213,6:70,7:7365,8:98,9:537,10:13,11:573
 56953 multiletter control sequences out of 65536+600000
 70 fonts using 7119031 bytes
 110i,12n,101p,728b,1299s stack positions out of 10000i,1000n,20000p,200000b,200000s
<C:/Users/Simone Pagliuca/AppData/Local/Microsoft/Windows/Fonts/Poppins-Regular.
ttf><C:/Users/Simone Pagliuca/AppData/Local/Microsoft/Windows/Fonts/poppins-ligh
titalic.ttf><C:/Users/Simone Pagliuca/AppData/Local/Microsoft/Windows/Fonts/Popp
ins-Bold.ttf><C:/Users/Simone Pagliuca/AppData/Local/Programs/MiKTeX/fonts/truet
ype/public/anonymouspro/anonymouspro-regular.ttf><C:/Users/Simone Pagliuca/AppDa
ta/Local/Programs/MiKTeX/fonts/truetype/public/anonymouspro/anonymouspro-bold.tt
f><C:/Users/Simone Pagliuca/AppData/Local/Programs/MiKTeX/fonts/type1/public/ams
fonts/cmextra/cmex9.pfb><C:/Users/Simone Pagliuca/AppData/Local/Programs/MiKTeX/
fonts/type1/public/amsfonts/cm/cmmi6.pfb><C:/Users/Simone Pagliuca/AppData/Local
/Programs/MiKTeX/fonts/type1/public/amsfonts/cm/cmmi9.pfb><C:/Users/Simone Pagli
uca/AppData/Local/Programs/MiKTeX/fonts/type1/public/amsfonts/cm/cmr6.pfb><C:/Us
ers/Simone Pagliuca/AppData/Local/Programs/MiKTeX/fonts/type1/public/amsfonts/cm
/cmr9.pfb><C:/Users/Simone Pagliuca/AppData/Local/Programs/MiKTeX/fonts/type1/pu
blic/amsfonts/cm/cmsy6.pfb><C:/Users/Simone Pagliuca/AppData/Local/Programs/MiKT
eX/fonts/type1/public/amsfonts/cm/cmsy9.pfb>
Output written on main.pdf (12 pages, 390457 bytes).

PDF statistics: 300 PDF objects out of 1000 (max. 8388607)
 58 named destinations out of 1000 (max. 131072)
 208 words of extra memory for PDF output out of 10000 (max. 100000000)

